2026-02-04 15:35:24,105 - INFO - Программа иштеп баштады.
2026-02-04 15:35:24,106 - INFO - get_user_age функциясы ишке кирди.
2026-02-04 15:52:54,412 - INFO - Программа ишке кирди.
2026-02-04 15:52:54,412 - INFO - Жаш суроо функциясы башталды.
2026-02-04 15:54:18,303 - INFO - Программа ишке кирди.
2026-02-04 15:54:18,303 - INFO - Жаш суроо функциясы башталды.
2026-02-04 15:55:23,362 - INFO - Программа ишке кирди.
2026-02-04 15:55:23,362 - INFO - Жаш суроо функциясы башталды.
2026-02-04 15:57:18,079 - INFO - Программа ишке кирди.
2026-02-04 15:57:18,079 - INFO - Жаш суроо функциясы башталды.
2026-02-04 15:58:16,115 - ERROR - Ката! Колдонуучу сан эмес маалымат киргизди.
2026-02-04 15:58:16,116 - INFO - Программа ийгиликтүү аяктады.
2026-02-04 15:59:34,359 - INFO - Программа ишке кирди.
2026-02-04 15:59:34,359 - INFO - Жаш суроо функциясы башталды.
2026-02-04 16:00:36,623 - INFO - Программа ишке кирди.
2026-02-04 16:00:36,623 - INFO - Жаш суроо функциясы башталды.
2026-02-04 16:01:17,178 - ERROR - Ката! Колдонуучу сан эмес маалымат киргизди.
2026-02-04 16:01:17,179 - INFO - Программа ийгиликтүү аяктады.
2026-02-04 16:01:57,801 - INFO - Программа ишке кирди.
2026-02-04 16:01:57,801 - INFO - Жаш суроо функциясы башталды.
2026-02-04 16:02:01,274 - INFO - Колдонуучу киргизген жаш: 25
2026-02-04 16:02:01,274 - INFO - Программа ийгиликтүү аяктады.
2026-02-04 16:06:16,248 - INFO - Программа ишке кирди.
2026-02-04 16:06:16,249 - INFO - Жаш суроо функциясы башталды.
2026-02-04 16:06:19,240 - INFO - Программа ишке кирди.
2026-02-04 16:06:19,240 - INFO - Жаш суроо функциясы башталды.
2026-02-04 16:07:17,967 - INFO - Колдонуучу киргизген жаш: 25
2026-02-04 16:07:17,967 - INFO - Программа ийгиликтүү аяктады.
2026-02-04 16:07:46,954 - INFO - Программа ишке кирди.
2026-02-04 16:07:46,954 - INFO - Жаш суроо функциясы башталды.
2026-02-04 16:08:26,792 - INFO - Программа ишке кирди.
2026-02-04 16:08:26,792 - INFO - Жаш суроо функциясы башталды.
2026-02-04 16:08:55,406 - ERROR - Ката! Колдонуучу сан эмес маалымат киргизди.
2026-02-04 16:08:55,408 - INFO - Программа ийгиликтүү аяктады.
2026-02-05 13:58:50,238 - INFO - Программа ишке кирди.
2026-02-05 13:58:50,239 - INFO - Жаш суроо функциясы башталды.
2026-02-05 13:58:52,279 - INFO - Программа ишке кирди.
2026-02-05 13:58:52,279 - INFO - Жаш суроо функциясы башталды.
